<?xml version="1.0" encoding="UTF-8"?>
<robot generator="Robot 3.2.2 (Python 3.8.5 on win32)" generated="20200907 00:20:04.101" rpa="false">
<suite id="s1" name="LoginTest" source="C:\Users\User\Desktop\olyBetProject\TC\LoginTest.robot">
<test id="s1-t1" name="LoginTest">
<kw name="Navigate">
<arguments>
<arg>${SiteUrl}</arg>
<arg>${Browser}</arg>
</arguments>
<msg timestamp="20200907 00:20:04.266" level="FAIL">No keyword with name 'Navigate' found.</msg>
<status status="FAIL" starttime="20200907 00:20:04.265" endtime="20200907 00:20:04.266"></status>
</kw>
<status status="FAIL" starttime="20200907 00:20:04.263" endtime="20200907 00:20:04.266" critical="yes">No keyword with name 'Navigate' found.</status>
</test>
<status status="FAIL" starttime="20200907 00:20:04.102" endtime="20200907 00:20:04.268"></status>
</suite>
<statistics>
<total>
<stat pass="0" fail="1">Critical Tests</stat>
<stat pass="0" fail="1">All Tests</stat>
</total>
<tag>
</tag>
<suite>
<stat pass="0" fail="1" id="s1" name="LoginTest">LoginTest</stat>
</suite>
</statistics>
<errors>
<msg timestamp="20200907 00:20:04.260" level="ERROR">Error in file 'C:\Users\User\Desktop\olyBetProject\TC\LoginTest.robot' on line 3: Resource file '..ResourcesLoginKeywords.robot' does not exist.</msg>
</errors>
</robot>
